<?xml version="1.0" encoding="UTF-8"?>
<!-- Generated by org.testng.reporters.JUnitReportReporter -->
<testsuite hostname="DESKTOP-1CCS179" failures="0" tests="6" name="cucumberOptions.TestRunner" time="71.879" errors="0" timestamp="2023-03-29T20:39:04 IST" skipped="0">
  <testcase classname="cucumberOptions.TestRunner" name="runScenario" time="7.766"/>
  <system-out/>
  <testcase classname="cucumberOptions.TestRunner" name="runScenario" time="9.941"/>
  <system-out/>
  <testcase classname="cucumberOptions.TestRunner" name="runScenario" time="16.141"/>
  <system-out/>
  <testcase classname="cucumberOptions.TestRunner" name="runScenario" time="11.920"/>
  <system-out/>
  <testcase classname="cucumberOptions.TestRunner" name="runScenario" time="9.310"/>
  <system-out/>
  <testcase classname="cucumberOptions.TestRunner" name="runScenario" time="16.801"/>
  <system-out/>
</testsuite> <!-- cucumberOptions.TestRunner -->
